c:\users\rajmund\documents\egyetem\prog2\dijkstra\dijkstra\x64\release\vc143.pdb
c:\users\rajmund\documents\egyetem\prog2\dijkstra\dijkstra\x64\release\main.obj
c:\users\rajmund\documents\egyetem\prog2\dijkstra\dijkstra\x64\release\graph.obj
c:\users\rajmund\documents\egyetem\prog2\dijkstra\dijkstra\x64\release\dijkstra.obj
c:\users\rajmund\documents\egyetem\prog2\dijkstra\dijkstra\x64\release\algorithmmanager.obj
c:\users\rajmund\documents\egyetem\prog2\dijkstra\x64\release\dijkstra.exe
c:\users\rajmund\documents\egyetem\prog2\dijkstra\x64\release\dijkstra.pdb
c:\users\rajmund\documents\egyetem\prog2\dijkstra\dijkstra\x64\release\dijkstra.ipdb
c:\users\rajmund\documents\egyetem\prog2\dijkstra\dijkstra\x64\release\dijkstra.iobj
c:\users\rajmund\documents\egyetem\prog2\dijkstra\dijkstra\x64\release\dijkstra.nativecodeanalysis.xml
c:\users\rajmund\documents\egyetem\prog2\dijkstra\dijkstra\x64\release\graph.nativecodeanalysis.xml
c:\users\rajmund\documents\egyetem\prog2\dijkstra\dijkstra\x64\release\main.nativecodeanalysis.xml
c:\users\rajmund\documents\egyetem\prog2\dijkstra\dijkstra\x64\release\vc.nativecodeanalysis.all.xml
c:\users\rajmund\documents\egyetem\prog2\dijkstra\dijkstra\x64\release\dijkstra.tlog\cl.command.1.tlog
c:\users\rajmund\documents\egyetem\prog2\dijkstra\dijkstra\x64\release\dijkstra.tlog\cl.items.tlog
c:\users\rajmund\documents\egyetem\prog2\dijkstra\dijkstra\x64\release\dijkstra.tlog\cl.read.1.tlog
c:\users\rajmund\documents\egyetem\prog2\dijkstra\dijkstra\x64\release\dijkstra.tlog\cl.write.1.tlog
c:\users\rajmund\documents\egyetem\prog2\dijkstra\dijkstra\x64\release\dijkstra.tlog\link.command.1.tlog
c:\users\rajmund\documents\egyetem\prog2\dijkstra\dijkstra\x64\release\dijkstra.tlog\link.read.1.tlog
c:\users\rajmund\documents\egyetem\prog2\dijkstra\dijkstra\x64\release\dijkstra.tlog\link.secondary.1.tlog
c:\users\rajmund\documents\egyetem\prog2\dijkstra\dijkstra\x64\release\dijkstra.tlog\link.write.1.tlog
